0 info it worked if it ends with ok
1 verbose cli [ '/usr/local/bin/node',
1 verbose cli   '/usr/local/bin/npm',
1 verbose cli   'install',
1 verbose cli   '-g',
1 verbose cli   'grunt-jasmine-node' ]
2 info using npm@3.5.2
3 info using node@v4.2.4
4 silly loadCurrentTree Starting
5 silly install loadCurrentTree
6 silly install readGlobalPackageData
7 silly fetchPackageMetaData grunt-jasmine-node
8 silly fetchNamedPackageData grunt-jasmine-node
9 silly mapToRegistry name grunt-jasmine-node
10 silly mapToRegistry using default registry
11 silly mapToRegistry registry https://registry.npmjs.org/
12 silly mapToRegistry uri https://registry.npmjs.org/grunt-jasmine-node
13 verbose request uri https://registry.npmjs.org/grunt-jasmine-node
14 verbose request no auth needed
15 info attempt registry request try #1 at 2:58:11 PM
16 verbose request id abfae50a670df2ec
17 verbose etag "8JGMMZ2FIXQVAIT7MIW8S21A9"
18 http request GET https://registry.npmjs.org/grunt-jasmine-node
19 http 304 https://registry.npmjs.org/grunt-jasmine-node
20 verbose headers { date: 'Wed, 13 Jan 2016 07:58:12 GMT',
20 verbose headers   via: '1.1 varnish',
20 verbose headers   'cache-control': 'max-age=300',
20 verbose headers   etag: '"8JGMMZ2FIXQVAIT7MIW8S21A9"',
20 verbose headers   age: '207',
20 verbose headers   connection: 'keep-alive',
20 verbose headers   'x-served-by': 'cache-sjc3135-SJC',
20 verbose headers   'x-cache': 'HIT',
20 verbose headers   'x-cache-hits': '1',
20 verbose headers   'x-timer': 'S1452671892.050024,VS0,VE0',
20 verbose headers   vary: 'Accept' }
21 silly get cb [ 304,
21 silly get   { date: 'Wed, 13 Jan 2016 07:58:12 GMT',
21 silly get     via: '1.1 varnish',
21 silly get     'cache-control': 'max-age=300',
21 silly get     etag: '"8JGMMZ2FIXQVAIT7MIW8S21A9"',
21 silly get     age: '207',
21 silly get     connection: 'keep-alive',
21 silly get     'x-served-by': 'cache-sjc3135-SJC',
21 silly get     'x-cache': 'HIT',
21 silly get     'x-cache-hits': '1',
21 silly get     'x-timer': 'S1452671892.050024,VS0,VE0',
21 silly get     vary: 'Accept' } ]
22 verbose etag https://registry.npmjs.org/grunt-jasmine-node from cache
23 verbose get saving grunt-jasmine-node to /Users/tsn/.npm/registry.npmjs.org/grunt-jasmine-node/.cache.json
24 silly install normalizeTree
25 silly loadCurrentTree Finishing
26 silly loadIdealTree Starting
27 silly install loadIdealTree
28 silly cloneCurrentTree Starting
29 silly install cloneCurrentTreeToIdealTree
30 silly cloneCurrentTree Finishing
31 silly loadShrinkwrap Starting
32 silly install loadShrinkwrap
33 silly loadShrinkwrap Finishing
34 silly loadAllDepsIntoIdealTree Starting
35 silly install loadAllDepsIntoIdealTree
36 silly resolveWithNewModule grunt-jasmine-node@0.3.1 checking installable status
37 silly cache add args [ 'grunt-jasmine-node', null ]
38 verbose cache add spec grunt-jasmine-node
39 silly cache add parsed spec Result {
39 silly cache add   raw: 'grunt-jasmine-node',
39 silly cache add   scope: null,
39 silly cache add   name: 'grunt-jasmine-node',
39 silly cache add   rawSpec: '',
39 silly cache add   spec: 'latest',
39 silly cache add   type: 'tag' }
40 silly addNamed grunt-jasmine-node@latest
41 verbose addNamed "latest" is being treated as a dist-tag for grunt-jasmine-node
42 info addNameTag [ 'grunt-jasmine-node', 'latest' ]
43 silly mapToRegistry name grunt-jasmine-node
44 silly mapToRegistry using default registry
45 silly mapToRegistry registry https://registry.npmjs.org/
46 silly mapToRegistry uri https://registry.npmjs.org/grunt-jasmine-node
47 verbose addNameTag registry:https://registry.npmjs.org/grunt-jasmine-node not in flight; fetching
48 verbose get https://registry.npmjs.org/grunt-jasmine-node not expired, no request
49 silly addNameTag next cb for grunt-jasmine-node with tag latest
50 silly addNamed grunt-jasmine-node@0.3.1
51 verbose addNamed "0.3.1" is a plain semver version for grunt-jasmine-node
52 silly cache afterAdd grunt-jasmine-node@0.3.1
53 verbose afterAdd /Users/tsn/.npm/grunt-jasmine-node/0.3.1/package/package.json not in flight; writing
54 verbose afterAdd /Users/tsn/.npm/grunt-jasmine-node/0.3.1/package/package.json written
55 silly fetchNamedPackageData jasmine-node
56 silly mapToRegistry name jasmine-node
57 silly mapToRegistry using default registry
58 silly mapToRegistry registry https://registry.npmjs.org/
59 silly mapToRegistry uri https://registry.npmjs.org/jasmine-node
60 silly fetchNamedPackageData coffee-script
61 silly mapToRegistry name coffee-script
62 silly mapToRegistry using default registry
63 silly mapToRegistry registry https://registry.npmjs.org/
64 silly mapToRegistry uri https://registry.npmjs.org/coffee-script
65 verbose request uri https://registry.npmjs.org/coffee-script
66 verbose request no auth needed
67 info attempt registry request try #1 at 2:58:12 PM
68 verbose etag "BTW1EX31JUZV4XX9BA824DTYT"
69 http request GET https://registry.npmjs.org/coffee-script
70 verbose request uri https://registry.npmjs.org/jasmine-node
71 verbose request no auth needed
72 info attempt registry request try #1 at 2:58:12 PM
73 verbose etag "9RXHYQIE8ZUCW00YKZ5BWIL6Q"
74 http request GET https://registry.npmjs.org/jasmine-node
75 http 304 https://registry.npmjs.org/coffee-script
76 verbose headers { date: 'Wed, 13 Jan 2016 07:58:12 GMT',
76 verbose headers   via: '1.1 varnish',
76 verbose headers   'cache-control': 'max-age=300',
76 verbose headers   etag: '"BTW1EX31JUZV4XX9BA824DTYT"',
76 verbose headers   age: '262',
76 verbose headers   connection: 'keep-alive',
76 verbose headers   'x-served-by': 'cache-sjc3123-SJC',
76 verbose headers   'x-cache': 'HIT',
76 verbose headers   'x-cache-hits': '193',
76 verbose headers   'x-timer': 'S1452671892.810557,VS0,VE0',
76 verbose headers   vary: 'Accept' }
77 silly get cb [ 304,
77 silly get   { date: 'Wed, 13 Jan 2016 07:58:12 GMT',
77 silly get     via: '1.1 varnish',
77 silly get     'cache-control': 'max-age=300',
77 silly get     etag: '"BTW1EX31JUZV4XX9BA824DTYT"',
77 silly get     age: '262',
77 silly get     connection: 'keep-alive',
77 silly get     'x-served-by': 'cache-sjc3123-SJC',
77 silly get     'x-cache': 'HIT',
77 silly get     'x-cache-hits': '193',
77 silly get     'x-timer': 'S1452671892.810557,VS0,VE0',
77 silly get     vary: 'Accept' } ]
78 verbose etag https://registry.npmjs.org/coffee-script from cache
79 verbose get saving coffee-script to /Users/tsn/.npm/registry.npmjs.org/coffee-script/.cache.json
80 silly resolveWithNewModule coffee-script@1.6.3 checking installable status
81 silly cache add args [ 'coffee-script@~1.6.2', null ]
82 verbose cache add spec coffee-script@~1.6.2
83 silly cache add parsed spec Result {
83 silly cache add   raw: 'coffee-script@~1.6.2',
83 silly cache add   scope: null,
83 silly cache add   name: 'coffee-script',
83 silly cache add   rawSpec: '~1.6.2',
83 silly cache add   spec: '>=1.6.2 <1.7.0',
83 silly cache add   type: 'range' }
84 silly addNamed coffee-script@>=1.6.2 <1.7.0
85 verbose addNamed ">=1.6.2 <1.7.0" is a valid semver range for coffee-script
86 silly addNameRange { name: 'coffee-script',
86 silly addNameRange   range: '>=1.6.2 <1.7.0',
86 silly addNameRange   hasData: false }
87 silly mapToRegistry name coffee-script
88 silly mapToRegistry using default registry
89 silly mapToRegistry registry https://registry.npmjs.org/
90 silly mapToRegistry uri https://registry.npmjs.org/coffee-script
91 verbose addNameRange registry:https://registry.npmjs.org/coffee-script not in flight; fetching
92 verbose get https://registry.npmjs.org/coffee-script not expired, no request
93 silly addNameRange number 2 { name: 'coffee-script', range: '>=1.6.2 <1.7.0', hasData: true }
94 silly addNameRange versions [ 'coffee-script',
94 silly addNameRange   [ '0.7.0',
94 silly addNameRange     '0.7.1',
94 silly addNameRange     '0.7.2',
94 silly addNameRange     '0.9.0',
94 silly addNameRange     '0.9.1',
94 silly addNameRange     '0.9.2',
94 silly addNameRange     '0.9.3',
94 silly addNameRange     '0.9.4',
94 silly addNameRange     '0.9.5',
94 silly addNameRange     '0.9.6',
94 silly addNameRange     '1.0.0',
94 silly addNameRange     '1.0.1',
94 silly addNameRange     '1.1.0',
94 silly addNameRange     '1.1.1',
94 silly addNameRange     '1.1.2',
94 silly addNameRange     '1.1.3',
94 silly addNameRange     '1.2.0',
94 silly addNameRange     '1.3.0',
94 silly addNameRange     '1.3.1',
94 silly addNameRange     '1.3.2',
94 silly addNameRange     '1.3.3',
94 silly addNameRange     '1.4.0',
94 silly addNameRange     '1.5.0',
94 silly addNameRange     '1.6.0',
94 silly addNameRange     '1.6.1',
94 silly addNameRange     '1.6.2',
94 silly addNameRange     '1.6.3',
94 silly addNameRange     '1.7.0',
94 silly addNameRange     '1.7.1',
94 silly addNameRange     '1.8.0',
94 silly addNameRange     '1.9.0',
94 silly addNameRange     '1.9.1',
94 silly addNameRange     '1.9.2',
94 silly addNameRange     '1.9.3',
94 silly addNameRange     '1.10.0' ] ]
95 silly addNamed coffee-script@1.6.3
96 verbose addNamed "1.6.3" is a plain semver version for coffee-script
97 http 304 https://registry.npmjs.org/jasmine-node
98 verbose headers { date: 'Wed, 13 Jan 2016 07:58:12 GMT',
98 verbose headers   via: '1.1 varnish',
98 verbose headers   'cache-control': 'max-age=300',
98 verbose headers   etag: '"9RXHYQIE8ZUCW00YKZ5BWIL6Q"',
98 verbose headers   age: '51',
98 verbose headers   connection: 'keep-alive',
98 verbose headers   'x-served-by': 'cache-sjc3121-SJC',
98 verbose headers   'x-cache': 'HIT',
98 verbose headers   'x-cache-hits': '1',
98 verbose headers   'x-timer': 'S1452671892.844536,VS0,VE1',
98 verbose headers   vary: 'Accept' }
99 silly get cb [ 304,
99 silly get   { date: 'Wed, 13 Jan 2016 07:58:12 GMT',
99 silly get     via: '1.1 varnish',
99 silly get     'cache-control': 'max-age=300',
99 silly get     etag: '"9RXHYQIE8ZUCW00YKZ5BWIL6Q"',
99 silly get     age: '51',
99 silly get     connection: 'keep-alive',
99 silly get     'x-served-by': 'cache-sjc3121-SJC',
99 silly get     'x-cache': 'HIT',
99 silly get     'x-cache-hits': '1',
99 silly get     'x-timer': 'S1452671892.844536,VS0,VE1',
99 silly get     vary: 'Accept' } ]
100 verbose etag https://registry.npmjs.org/jasmine-node from cache
101 verbose get saving jasmine-node to /Users/tsn/.npm/registry.npmjs.org/jasmine-node/.cache.json
102 silly cache afterAdd coffee-script@1.6.3
103 verbose afterAdd /Users/tsn/.npm/coffee-script/1.6.3/package/package.json not in flight; writing
104 verbose afterAdd /Users/tsn/.npm/coffee-script/1.6.3/package/package.json written
105 silly resolveWithNewModule jasmine-node@1.14.5 checking installable status
106 silly cache add args [ 'jasmine-node@^1.14.5', null ]
107 verbose cache add spec jasmine-node@^1.14.5
108 silly cache add parsed spec Result {
108 silly cache add   raw: 'jasmine-node@^1.14.5',
108 silly cache add   scope: null,
108 silly cache add   name: 'jasmine-node',
108 silly cache add   rawSpec: '^1.14.5',
108 silly cache add   spec: '>=1.14.5 <2.0.0',
108 silly cache add   type: 'range' }
109 silly addNamed jasmine-node@>=1.14.5 <2.0.0
110 verbose addNamed ">=1.14.5 <2.0.0" is a valid semver range for jasmine-node
111 silly addNameRange { name: 'jasmine-node',
111 silly addNameRange   range: '>=1.14.5 <2.0.0',
111 silly addNameRange   hasData: false }
112 silly mapToRegistry name jasmine-node
113 silly mapToRegistry using default registry
114 silly mapToRegistry registry https://registry.npmjs.org/
115 silly mapToRegistry uri https://registry.npmjs.org/jasmine-node
116 verbose addNameRange registry:https://registry.npmjs.org/jasmine-node not in flight; fetching
117 verbose get https://registry.npmjs.org/jasmine-node not expired, no request
118 silly addNameRange number 2 { name: 'jasmine-node', range: '>=1.14.5 <2.0.0', hasData: true }
119 silly addNameRange versions [ 'jasmine-node',
119 silly addNameRange   [ '1.0.1',
119 silly addNameRange     '1.0.2',
119 silly addNameRange     '1.0.3',
119 silly addNameRange     '1.0.4',
119 silly addNameRange     '1.0.5',
119 silly addNameRange     '1.0.6',
119 silly addNameRange     '1.0.7',
119 silly addNameRange     '1.0.8',
119 silly addNameRange     '1.0.9',
119 silly addNameRange     '1.0.10',
119 silly addNameRange     '1.0.11',
119 silly addNameRange     '1.0.12',
119 silly addNameRange     '1.0.13',
119 silly addNameRange     '1.0.15',
119 silly addNameRange     '1.0.16',
119 silly addNameRange     '1.0.17',
119 silly addNameRange     '1.0.18',
119 silly addNameRange     '1.0.19',
119 silly addNameRange     '1.0.20',
119 silly addNameRange     '1.0.21',
119 silly addNameRange     '1.0.22',
119 silly addNameRange     '1.0.23',
119 silly addNameRange     '1.0.24',
119 silly addNameRange     '1.0.25',
119 silly addNameRange     '1.0.26',
119 silly addNameRange     '1.0.27',
119 silly addNameRange     '1.0.28',
119 silly addNameRange     '1.1.0',
119 silly addNameRange     '1.2.0',
119 silly addNameRange     '1.2.1',
119 silly addNameRange     '1.2.2',
119 silly addNameRange     '1.2.3',
119 silly addNameRange     '1.3.0',
119 silly addNameRange     '1.3.1',
119 silly addNameRange     '1.4.0',
119 silly addNameRange     '1.5.0',
119 silly addNameRange     '1.6.0',
119 silly addNameRange     '1.7.0',
119 silly addNameRange     '1.7.1',
119 silly addNameRange     '1.8.0',
119 silly addNameRange     '1.8.1',
119 silly addNameRange     '1.9.0',
119 silly addNameRange     '1.9.1',
119 silly addNameRange     '1.10.0',
119 silly addNameRange     '1.10.1',
119 silly addNameRange     '1.10.2',
119 silly addNameRange     '1.11.0',
119 silly addNameRange     '1.12.0',
119 silly addNameRange     '1.12.1',
119 silly addNameRange     '1.13.0',
119 silly addNameRange     '1.13.1',
119 silly addNameRange     '1.14.0',
119 silly addNameRange     '1.14.1',
119 silly addNameRange     '2.0.0',
119 silly addNameRange     '1.14.2',
119 silly addNameRange     '2.0.0-beta1',
119 silly addNameRange     '2.0.0-beta2',
119 silly addNameRange     '2.0.0-beta3',
119 silly addNameRange     '1.14.3',
119 silly addNameRange     '2.0.0-beta4',
119 silly addNameRange     '1.14.4',
119 silly addNameRange     '1.14.5',
119 silly addNameRange     '1.0.0-rc1',
119 silly addNameRange     '1.0.0-rc2',
119 silly addNameRange     '1.0.0-rc3' ] ]
120 silly addNamed jasmine-node@1.14.5
121 verbose addNamed "1.14.5" is a plain semver version for jasmine-node
122 silly cache afterAdd jasmine-node@1.14.5
123 verbose afterAdd /Users/tsn/.npm/jasmine-node/1.14.5/package/package.json not in flight; writing
124 verbose afterAdd /Users/tsn/.npm/jasmine-node/1.14.5/package/package.json written
125 silly fetchNamedPackageData jasmine-reporters
126 silly mapToRegistry name jasmine-reporters
127 silly mapToRegistry using default registry
128 silly mapToRegistry registry https://registry.npmjs.org/
129 silly mapToRegistry uri https://registry.npmjs.org/jasmine-reporters
130 silly fetchNamedPackageData jasmine-growl-reporter
131 silly mapToRegistry name jasmine-growl-reporter
132 silly mapToRegistry using default registry
133 silly mapToRegistry registry https://registry.npmjs.org/
134 silly mapToRegistry uri https://registry.npmjs.org/jasmine-growl-reporter
135 silly fetchNamedPackageData requirejs
136 silly mapToRegistry name requirejs
137 silly mapToRegistry using default registry
138 silly mapToRegistry registry https://registry.npmjs.org/
139 silly mapToRegistry uri https://registry.npmjs.org/requirejs
140 silly fetchNamedPackageData walkdir
141 silly mapToRegistry name walkdir
142 silly mapToRegistry using default registry
143 silly mapToRegistry registry https://registry.npmjs.org/
144 silly mapToRegistry uri https://registry.npmjs.org/walkdir
145 silly fetchNamedPackageData underscore
146 silly mapToRegistry name underscore
147 silly mapToRegistry using default registry
148 silly mapToRegistry registry https://registry.npmjs.org/
149 silly mapToRegistry uri https://registry.npmjs.org/underscore
150 silly fetchNamedPackageData gaze
151 silly mapToRegistry name gaze
152 silly mapToRegistry using default registry
153 silly mapToRegistry registry https://registry.npmjs.org/
154 silly mapToRegistry uri https://registry.npmjs.org/gaze
155 silly fetchNamedPackageData mkdirp
156 silly mapToRegistry name mkdirp
157 silly mapToRegistry using default registry
158 silly mapToRegistry registry https://registry.npmjs.org/
159 silly mapToRegistry uri https://registry.npmjs.org/mkdirp
160 verbose request uri https://registry.npmjs.org/jasmine-reporters
161 verbose request no auth needed
162 info attempt registry request try #1 at 2:58:13 PM
163 verbose etag "5J5QYAHI62TYYTSI9B35VYHO"
164 http request GET https://registry.npmjs.org/jasmine-reporters
165 verbose request uri https://registry.npmjs.org/jasmine-growl-reporter
166 verbose request no auth needed
167 info attempt registry request try #1 at 2:58:13 PM
168 verbose etag "8XUW75K28QTXR9PZQTQWO1LM0"
169 http request GET https://registry.npmjs.org/jasmine-growl-reporter
170 verbose request uri https://registry.npmjs.org/requirejs
171 verbose request no auth needed
172 info attempt registry request try #1 at 2:58:13 PM
173 verbose etag "3IM0UTP24ENACYSWTBIEZW440"
174 http request GET https://registry.npmjs.org/requirejs
175 verbose request uri https://registry.npmjs.org/walkdir
176 verbose request no auth needed
177 info attempt registry request try #1 at 2:58:13 PM
178 verbose etag "1M9Q3W9DFM0B5CAZO3FX1D71K"
179 http request GET https://registry.npmjs.org/walkdir
180 verbose request uri https://registry.npmjs.org/underscore
181 verbose request no auth needed
182 info attempt registry request try #1 at 2:58:13 PM
183 verbose etag "755VSZFOIZRHIPDPYFEH6QUQQ"
184 http request GET https://registry.npmjs.org/underscore
185 verbose request uri https://registry.npmjs.org/mkdirp
186 verbose request no auth needed
187 info attempt registry request try #1 at 2:58:13 PM
188 verbose etag "8FKW89EYVQC2LQDLSWGV8OEO2"
189 http request GET https://registry.npmjs.org/mkdirp
190 verbose request uri https://registry.npmjs.org/gaze
191 verbose request no auth needed
192 info attempt registry request try #1 at 2:58:13 PM
193 verbose etag "1LIPMAI6GDGNO43J6OJLLBBS1"
194 http request GET https://registry.npmjs.org/gaze
195 http 304 https://registry.npmjs.org/jasmine-growl-reporter
196 verbose headers { date: 'Wed, 13 Jan 2016 07:58:13 GMT',
196 verbose headers   via: '1.1 varnish',
196 verbose headers   'cache-control': 'max-age=300',
196 verbose headers   etag: '"8XUW75K28QTXR9PZQTQWO1LM0"',
196 verbose headers   age: '47',
196 verbose headers   connection: 'keep-alive',
196 verbose headers   'x-served-by': 'cache-sjc3120-SJC',
196 verbose headers   'x-cache': 'HIT',
196 verbose headers   'x-cache-hits': '1',
196 verbose headers   'x-timer': 'S1452671893.621701,VS0,VE0',
196 verbose headers   vary: 'Accept' }
197 silly get cb [ 304,
197 silly get   { date: 'Wed, 13 Jan 2016 07:58:13 GMT',
197 silly get     via: '1.1 varnish',
197 silly get     'cache-control': 'max-age=300',
197 silly get     etag: '"8XUW75K28QTXR9PZQTQWO1LM0"',
197 silly get     age: '47',
197 silly get     connection: 'keep-alive',
197 silly get     'x-served-by': 'cache-sjc3120-SJC',
197 silly get     'x-cache': 'HIT',
197 silly get     'x-cache-hits': '1',
197 silly get     'x-timer': 'S1452671893.621701,VS0,VE0',
197 silly get     vary: 'Accept' } ]
198 verbose etag https://registry.npmjs.org/jasmine-growl-reporter from cache
199 verbose get saving jasmine-growl-reporter to /Users/tsn/.npm/registry.npmjs.org/jasmine-growl-reporter/.cache.json
200 silly resolveWithNewModule jasmine-growl-reporter@0.0.3 checking installable status
201 silly cache add args [ 'jasmine-growl-reporter@~0.0.2', null ]
202 verbose cache add spec jasmine-growl-reporter@~0.0.2
203 silly cache add parsed spec Result {
203 silly cache add   raw: 'jasmine-growl-reporter@~0.0.2',
203 silly cache add   scope: null,
203 silly cache add   name: 'jasmine-growl-reporter',
203 silly cache add   rawSpec: '~0.0.2',
203 silly cache add   spec: '>=0.0.2 <0.1.0',
203 silly cache add   type: 'range' }
204 silly addNamed jasmine-growl-reporter@>=0.0.2 <0.1.0
205 verbose addNamed ">=0.0.2 <0.1.0" is a valid semver range for jasmine-growl-reporter
206 silly addNameRange { name: 'jasmine-growl-reporter',
206 silly addNameRange   range: '>=0.0.2 <0.1.0',
206 silly addNameRange   hasData: false }
207 silly mapToRegistry name jasmine-growl-reporter
208 silly mapToRegistry using default registry
209 silly mapToRegistry registry https://registry.npmjs.org/
210 silly mapToRegistry uri https://registry.npmjs.org/jasmine-growl-reporter
211 verbose addNameRange registry:https://registry.npmjs.org/jasmine-growl-reporter not in flight; fetching
212 verbose get https://registry.npmjs.org/jasmine-growl-reporter not expired, no request
213 silly addNameRange number 2 { name: 'jasmine-growl-reporter',
213 silly addNameRange   range: '>=0.0.2 <0.1.0',
213 silly addNameRange   hasData: true }
214 silly addNameRange versions [ 'jasmine-growl-reporter',
214 silly addNameRange   [ '0.0.1', '0.0.2', '0.2.0', '0.0.3', '0.2.1' ] ]
215 silly addNamed jasmine-growl-reporter@0.0.3
216 verbose addNamed "0.0.3" is a plain semver version for jasmine-growl-reporter
217 http 304 https://registry.npmjs.org/walkdir
218 verbose headers { date: 'Wed, 13 Jan 2016 07:58:13 GMT',
218 verbose headers   via: '1.1 varnish',
218 verbose headers   'cache-control': 'max-age=300',
218 verbose headers   etag: '"1M9Q3W9DFM0B5CAZO3FX1D71K"',
218 verbose headers   age: '118',
218 verbose headers   connection: 'keep-alive',
218 verbose headers   'x-served-by': 'cache-sjc3120-SJC',
218 verbose headers   'x-cache': 'HIT',
218 verbose headers   'x-cache-hits': '1',
218 verbose headers   'x-timer': 'S1452671893.639919,VS0,VE0',
218 verbose headers   vary: 'Accept' }
219 silly get cb [ 304,
219 silly get   { date: 'Wed, 13 Jan 2016 07:58:13 GMT',
219 silly get     via: '1.1 varnish',
219 silly get     'cache-control': 'max-age=300',
219 silly get     etag: '"1M9Q3W9DFM0B5CAZO3FX1D71K"',
219 silly get     age: '118',
219 silly get     connection: 'keep-alive',
219 silly get     'x-served-by': 'cache-sjc3120-SJC',
219 silly get     'x-cache': 'HIT',
219 silly get     'x-cache-hits': '1',
219 silly get     'x-timer': 'S1452671893.639919,VS0,VE0',
219 silly get     vary: 'Accept' } ]
220 verbose etag https://registry.npmjs.org/walkdir from cache
221 verbose get saving walkdir to /Users/tsn/.npm/registry.npmjs.org/walkdir/.cache.json
222 silly cache afterAdd jasmine-growl-reporter@0.0.3
223 verbose afterAdd /Users/tsn/.npm/jasmine-growl-reporter/0.0.3/package/package.json not in flight; writing
224 http 304 https://registry.npmjs.org/mkdirp
225 verbose headers { date: 'Wed, 13 Jan 2016 07:58:13 GMT',
225 verbose headers   via: '1.1 varnish',
225 verbose headers   'cache-control': 'max-age=300',
225 verbose headers   etag: '"8FKW89EYVQC2LQDLSWGV8OEO2"',
225 verbose headers   age: '130',
225 verbose headers   connection: 'keep-alive',
225 verbose headers   'x-served-by': 'cache-sjc3127-SJC',
225 verbose headers   'x-cache': 'HIT',
225 verbose headers   'x-cache-hits': '5',
225 verbose headers   'x-timer': 'S1452671893.647053,VS0,VE0',
225 verbose headers   vary: 'Accept' }
226 silly get cb [ 304,
226 silly get   { date: 'Wed, 13 Jan 2016 07:58:13 GMT',
226 silly get     via: '1.1 varnish',
226 silly get     'cache-control': 'max-age=300',
226 silly get     etag: '"8FKW89EYVQC2LQDLSWGV8OEO2"',
226 silly get     age: '130',
226 silly get     connection: 'keep-alive',
226 silly get     'x-served-by': 'cache-sjc3127-SJC',
226 silly get     'x-cache': 'HIT',
226 silly get     'x-cache-hits': '5',
226 silly get     'x-timer': 'S1452671893.647053,VS0,VE0',
226 silly get     vary: 'Accept' } ]
227 verbose etag https://registry.npmjs.org/mkdirp from cache
228 verbose get saving mkdirp to /Users/tsn/.npm/registry.npmjs.org/mkdirp/.cache.json
229 http 304 https://registry.npmjs.org/gaze
230 verbose headers { date: 'Wed, 13 Jan 2016 07:58:13 GMT',
230 verbose headers   via: '1.1 varnish',
230 verbose headers   'cache-control': 'max-age=300',
230 verbose headers   etag: '"1LIPMAI6GDGNO43J6OJLLBBS1"',
230 verbose headers   age: '7',
230 verbose headers   connection: 'keep-alive',
230 verbose headers   'x-served-by': 'cache-sjc3122-SJC',
230 verbose headers   'x-cache': 'HIT',
230 verbose headers   'x-cache-hits': '1',
230 verbose headers   'x-timer': 'S1452671893.646571,VS0,VE0',
230 verbose headers   vary: 'Accept' }
231 silly get cb [ 304,
231 silly get   { date: 'Wed, 13 Jan 2016 07:58:13 GMT',
231 silly get     via: '1.1 varnish',
231 silly get     'cache-control': 'max-age=300',
231 silly get     etag: '"1LIPMAI6GDGNO43J6OJLLBBS1"',
231 silly get     age: '7',
231 silly get     connection: 'keep-alive',
231 silly get     'x-served-by': 'cache-sjc3122-SJC',
231 silly get     'x-cache': 'HIT',
231 silly get     'x-cache-hits': '1',
231 silly get     'x-timer': 'S1452671893.646571,VS0,VE0',
231 silly get     vary: 'Accept' } ]
232 verbose etag https://registry.npmjs.org/gaze from cache
233 verbose get saving gaze to /Users/tsn/.npm/registry.npmjs.org/gaze/.cache.json
234 http 304 https://registry.npmjs.org/underscore
235 verbose headers { date: 'Wed, 13 Jan 2016 07:58:13 GMT',
235 verbose headers   via: '1.1 varnish',
235 verbose headers   'cache-control': 'max-age=300',
235 verbose headers   etag: '"755VSZFOIZRHIPDPYFEH6QUQQ"',
235 verbose headers   age: '75',
235 verbose headers   connection: 'keep-alive',
235 verbose headers   'x-served-by': 'cache-sjc3124-SJC',
235 verbose headers   'x-cache': 'HIT',
235 verbose headers   'x-cache-hits': '6',
235 verbose headers   'x-timer': 'S1452671893.646430,VS0,VE0',
235 verbose headers   vary: 'Accept' }
236 silly get cb [ 304,
236 silly get   { date: 'Wed, 13 Jan 2016 07:58:13 GMT',
236 silly get     via: '1.1 varnish',
236 silly get     'cache-control': 'max-age=300',
236 silly get     etag: '"755VSZFOIZRHIPDPYFEH6QUQQ"',
236 silly get     age: '75',
236 silly get     connection: 'keep-alive',
236 silly get     'x-served-by': 'cache-sjc3124-SJC',
236 silly get     'x-cache': 'HIT',
236 silly get     'x-cache-hits': '6',
236 silly get     'x-timer': 'S1452671893.646430,VS0,VE0',
236 silly get     vary: 'Accept' } ]
237 verbose etag https://registry.npmjs.org/underscore from cache
238 verbose get saving underscore to /Users/tsn/.npm/registry.npmjs.org/underscore/.cache.json
239 silly resolveWithNewModule walkdir@0.0.11 checking installable status
240 silly cache add args [ 'walkdir@>= 0.0.1', null ]
241 verbose cache add spec walkdir@>= 0.0.1
242 silly cache add parsed spec Result {
242 silly cache add   raw: 'walkdir@>= 0.0.1',
242 silly cache add   scope: null,
242 silly cache add   name: 'walkdir',
242 silly cache add   rawSpec: '>= 0.0.1',
242 silly cache add   spec: '>=0.0.1',
242 silly cache add   type: 'range' }
243 silly addNamed walkdir@>=0.0.1
244 verbose addNamed ">=0.0.1" is a valid semver range for walkdir
245 silly addNameRange { name: 'walkdir', range: '>=0.0.1', hasData: false }
246 silly mapToRegistry name walkdir
247 silly mapToRegistry using default registry
248 silly mapToRegistry registry https://registry.npmjs.org/
249 silly mapToRegistry uri https://registry.npmjs.org/walkdir
250 verbose addNameRange registry:https://registry.npmjs.org/walkdir not in flight; fetching
251 verbose afterAdd /Users/tsn/.npm/jasmine-growl-reporter/0.0.3/package/package.json written
252 verbose get https://registry.npmjs.org/walkdir not expired, no request
253 silly addNameRange number 2 { name: 'walkdir', range: '>=0.0.1', hasData: true }
254 silly addNameRange versions [ 'walkdir',
254 silly addNameRange   [ '0.0.1',
254 silly addNameRange     '0.0.2',
254 silly addNameRange     '0.0.3',
254 silly addNameRange     '0.0.4',
254 silly addNameRange     '0.0.5',
254 silly addNameRange     '0.0.7',
254 silly addNameRange     '0.0.8',
254 silly addNameRange     '0.0.9',
254 silly addNameRange     '0.0.10',
254 silly addNameRange     '0.0.11' ] ]
255 silly addNamed walkdir@0.0.11
256 verbose addNamed "0.0.11" is a plain semver version for walkdir
257 silly resolveWithNewModule underscore@1.8.3 checking installable status
258 silly cache add args [ 'underscore@>= 1.3.1', null ]
259 verbose cache add spec underscore@>= 1.3.1
260 silly cache add parsed spec Result {
260 silly cache add   raw: 'underscore@>= 1.3.1',
260 silly cache add   scope: null,
260 silly cache add   name: 'underscore',
260 silly cache add   rawSpec: '>= 1.3.1',
260 silly cache add   spec: '>=1.3.1',
260 silly cache add   type: 'range' }
261 silly addNamed underscore@>=1.3.1
262 verbose addNamed ">=1.3.1" is a valid semver range for underscore
263 silly addNameRange { name: 'underscore', range: '>=1.3.1', hasData: false }
264 silly mapToRegistry name underscore
265 silly mapToRegistry using default registry
266 silly mapToRegistry registry https://registry.npmjs.org/
267 silly mapToRegistry uri https://registry.npmjs.org/underscore
268 verbose addNameRange registry:https://registry.npmjs.org/underscore not in flight; fetching
269 http 304 https://registry.npmjs.org/jasmine-reporters
270 verbose headers { date: 'Wed, 13 Jan 2016 07:58:13 GMT',
270 verbose headers   via: '1.1 varnish',
270 verbose headers   'cache-control': 'max-age=300',
270 verbose headers   etag: '"5J5QYAHI62TYYTSI9B35VYHO"',
270 verbose headers   age: '0',
270 verbose headers   connection: 'keep-alive',
270 verbose headers   'x-served-by': 'cache-sjc3130-SJC',
270 verbose headers   'x-cache': 'HIT',
270 verbose headers   'x-cache-hits': '1',
270 verbose headers   'x-timer': 'S1452671893.625930,VS0,VE82',
270 verbose headers   vary: 'Accept' }
271 silly get cb [ 304,
271 silly get   { date: 'Wed, 13 Jan 2016 07:58:13 GMT',
271 silly get     via: '1.1 varnish',
271 silly get     'cache-control': 'max-age=300',
271 silly get     etag: '"5J5QYAHI62TYYTSI9B35VYHO"',
271 silly get     age: '0',
271 silly get     connection: 'keep-alive',
271 silly get     'x-served-by': 'cache-sjc3130-SJC',
271 silly get     'x-cache': 'HIT',
271 silly get     'x-cache-hits': '1',
271 silly get     'x-timer': 'S1452671893.625930,VS0,VE82',
271 silly get     vary: 'Accept' } ]
272 verbose etag https://registry.npmjs.org/jasmine-reporters from cache
273 verbose get saving jasmine-reporters to /Users/tsn/.npm/registry.npmjs.org/jasmine-reporters/.cache.json
274 silly resolveWithNewModule mkdirp@0.3.5 checking installable status
275 silly cache add args [ 'mkdirp@~0.3.5', null ]
276 verbose cache add spec mkdirp@~0.3.5
277 silly cache add parsed spec Result {
277 silly cache add   raw: 'mkdirp@~0.3.5',
277 silly cache add   scope: null,
277 silly cache add   name: 'mkdirp',
277 silly cache add   rawSpec: '~0.3.5',
277 silly cache add   spec: '>=0.3.5 <0.4.0',
277 silly cache add   type: 'range' }
278 silly addNamed mkdirp@>=0.3.5 <0.4.0
279 verbose addNamed ">=0.3.5 <0.4.0" is a valid semver range for mkdirp
280 silly addNameRange { name: 'mkdirp', range: '>=0.3.5 <0.4.0', hasData: false }
281 silly mapToRegistry name mkdirp
282 silly mapToRegistry using default registry
283 silly mapToRegistry registry https://registry.npmjs.org/
284 silly mapToRegistry uri https://registry.npmjs.org/mkdirp
285 verbose addNameRange registry:https://registry.npmjs.org/mkdirp not in flight; fetching
286 silly resolveWithNewModule gaze@0.3.4 checking installable status
287 silly cache add args [ 'gaze@~0.3.2', null ]
288 verbose cache add spec gaze@~0.3.2
289 silly cache add parsed spec Result {
289 silly cache add   raw: 'gaze@~0.3.2',
289 silly cache add   scope: null,
289 silly cache add   name: 'gaze',
289 silly cache add   rawSpec: '~0.3.2',
289 silly cache add   spec: '>=0.3.2 <0.4.0',
289 silly cache add   type: 'range' }
290 silly addNamed gaze@>=0.3.2 <0.4.0
291 verbose addNamed ">=0.3.2 <0.4.0" is a valid semver range for gaze
292 silly addNameRange { name: 'gaze', range: '>=0.3.2 <0.4.0', hasData: false }
293 silly mapToRegistry name gaze
294 silly mapToRegistry using default registry
295 silly mapToRegistry registry https://registry.npmjs.org/
296 silly mapToRegistry uri https://registry.npmjs.org/gaze
297 verbose addNameRange registry:https://registry.npmjs.org/gaze not in flight; fetching
298 silly cache afterAdd walkdir@0.0.11
299 verbose afterAdd /Users/tsn/.npm/walkdir/0.0.11/package/package.json not in flight; writing
300 verbose get https://registry.npmjs.org/underscore not expired, no request
301 silly addNameRange number 2 { name: 'underscore', range: '>=1.3.1', hasData: true }
302 silly addNameRange versions [ 'underscore',
302 silly addNameRange   [ '1.0.3',
302 silly addNameRange     '1.0.4',
302 silly addNameRange     '1.1.0',
302 silly addNameRange     '1.1.1',
302 silly addNameRange     '1.1.2',
302 silly addNameRange     '1.1.3',
302 silly addNameRange     '1.1.4',
302 silly addNameRange     '1.1.5',
302 silly addNameRange     '1.1.6',
302 silly addNameRange     '1.1.7',
302 silly addNameRange     '1.2.0',
302 silly addNameRange     '1.2.1',
302 silly addNameRange     '1.2.2',
302 silly addNameRange     '1.2.3',
302 silly addNameRange     '1.2.4',
302 silly addNameRange     '1.3.0',
302 silly addNameRange     '1.3.1',
302 silly addNameRange     '1.3.2',
302 silly addNameRange     '1.3.3',
302 silly addNameRange     '1.4.0',
302 silly addNameRange     '1.4.1',
302 silly addNameRange     '1.4.2',
302 silly addNameRange     '1.4.3',
302 silly addNameRange     '1.4.4',
302 silly addNameRange     '1.5.0',
302 silly addNameRange     '1.5.1',
302 silly addNameRange     '1.5.2',
302 silly addNameRange     '1.6.0',
302 silly addNameRange     '1.7.0',
302 silly addNameRange     '1.8.0',
302 silly addNameRange     '1.8.1',
302 silly addNameRange     '1.8.2',
302 silly addNameRange     '1.8.3' ] ]
303 silly addNamed underscore@1.8.3
304 verbose addNamed "1.8.3" is a plain semver version for underscore
305 verbose get https://registry.npmjs.org/mkdirp not expired, no request
306 silly addNameRange number 2 { name: 'mkdirp', range: '>=0.3.5 <0.4.0', hasData: true }
307 silly addNameRange versions [ 'mkdirp',
307 silly addNameRange   [ '0.0.1',
307 silly addNameRange     '0.0.2',
307 silly addNameRange     '0.0.3',
307 silly addNameRange     '0.0.4',
307 silly addNameRange     '0.0.5',
307 silly addNameRange     '0.0.6',
307 silly addNameRange     '0.0.7',
307 silly addNameRange     '0.1.0',
307 silly addNameRange     '0.2.0',
307 silly addNameRange     '0.2.1',
307 silly addNameRange     '0.2.2',
307 silly addNameRange     '0.3.0',
307 silly addNameRange     '0.3.1',
307 silly addNameRange     '0.3.2',
307 silly addNameRange     '0.3.3',
307 silly addNameRange     '0.3.4',
307 silly addNameRange     '0.3.5',
307 silly addNameRange     '0.4.0',
307 silly addNameRange     '0.4.1',
307 silly addNameRange     '0.4.2',
307 silly addNameRange     '0.5.0',
307 silly addNameRange     '0.5.1' ] ]
308 silly addNamed mkdirp@0.3.5
309 verbose addNamed "0.3.5" is a plain semver version for mkdirp
310 verbose get https://registry.npmjs.org/gaze not expired, no request
311 silly addNameRange number 2 { name: 'gaze', range: '>=0.3.2 <0.4.0', hasData: true }
312 silly addNameRange versions [ 'gaze',
312 silly addNameRange   [ '0.1.0',
312 silly addNameRange     '0.1.1',
312 silly addNameRange     '0.1.2',
312 silly addNameRange     '0.1.3',
312 silly addNameRange     '0.1.4',
312 silly addNameRange     '0.1.5',
312 silly addNameRange     '0.1.6',
312 silly addNameRange     '0.2.0',
312 silly addNameRange     '0.2.1',
312 silly addNameRange     '0.2.2',
312 silly addNameRange     '0.3.0',
312 silly addNameRange     '0.3.1',
312 silly addNameRange     '0.3.2',
312 silly addNameRange     '0.3.3',
312 silly addNameRange     '0.3.4',
312 silly addNameRange     '0.4.0',
312 silly addNameRange     '0.4.1',
312 silly addNameRange     '0.4.2',
312 silly addNameRange     '0.4.3',
312 silly addNameRange     '0.5.0',
312 silly addNameRange     '0.5.1',
312 silly addNameRange     '0.6.0',
312 silly addNameRange     '0.6.1',
312 silly addNameRange     '0.6.2',
312 silly addNameRange     '0.6.3',
312 silly addNameRange     '0.6.4',
312 silly addNameRange     '0.5.2' ] ]
313 silly addNamed gaze@0.3.4
314 verbose addNamed "0.3.4" is a plain semver version for gaze
315 verbose afterAdd /Users/tsn/.npm/walkdir/0.0.11/package/package.json written
316 silly resolveWithNewModule jasmine-reporters@1.0.2 checking installable status
317 silly cache add args [ 'jasmine-reporters@~1.0.0', null ]
318 verbose cache add spec jasmine-reporters@~1.0.0
319 silly cache add parsed spec Result {
319 silly cache add   raw: 'jasmine-reporters@~1.0.0',
319 silly cache add   scope: null,
319 silly cache add   name: 'jasmine-reporters',
319 silly cache add   rawSpec: '~1.0.0',
319 silly cache add   spec: '>=1.0.0 <1.1.0',
319 silly cache add   type: 'range' }
320 silly addNamed jasmine-reporters@>=1.0.0 <1.1.0
321 verbose addNamed ">=1.0.0 <1.1.0" is a valid semver range for jasmine-reporters
322 silly addNameRange { name: 'jasmine-reporters',
322 silly addNameRange   range: '>=1.0.0 <1.1.0',
322 silly addNameRange   hasData: false }
323 silly mapToRegistry name jasmine-reporters
324 silly mapToRegistry using default registry
325 silly mapToRegistry registry https://registry.npmjs.org/
326 silly mapToRegistry uri https://registry.npmjs.org/jasmine-reporters
327 verbose addNameRange registry:https://registry.npmjs.org/jasmine-reporters not in flight; fetching
328 silly cache afterAdd underscore@1.8.3
329 verbose afterAdd /Users/tsn/.npm/underscore/1.8.3/package/package.json not in flight; writing
330 silly cache afterAdd mkdirp@0.3.5
331 verbose afterAdd /Users/tsn/.npm/mkdirp/0.3.5/package/package.json not in flight; writing
332 silly cache afterAdd gaze@0.3.4
333 verbose afterAdd /Users/tsn/.npm/gaze/0.3.4/package/package.json not in flight; writing
334 verbose get https://registry.npmjs.org/jasmine-reporters not expired, no request
335 silly addNameRange number 2 { name: 'jasmine-reporters',
335 silly addNameRange   range: '>=1.0.0 <1.1.0',
335 silly addNameRange   hasData: true }
336 silly addNameRange versions [ 'jasmine-reporters',
336 silly addNameRange   [ '0.1.0',
336 silly addNameRange     '0.2.0',
336 silly addNameRange     '0.2.1',
336 silly addNameRange     '0.3.0',
336 silly addNameRange     '0.3.2',
336 silly addNameRange     '0.4.0',
336 silly addNameRange     '0.4.1',
336 silly addNameRange     '1.0.0',
336 silly addNameRange     '2.0.0',
336 silly addNameRange     '2.0.1',
336 silly addNameRange     '2.0.2',
336 silly addNameRange     '2.0.3',
336 silly addNameRange     '1.0.1',
336 silly addNameRange     '2.0.4',
336 silly addNameRange     '2.0.5',
336 silly addNameRange     '1.0.2',
336 silly addNameRange     '2.0.6',
336 silly addNameRange     '2.0.7',
336 silly addNameRange     '2.0.8',
336 silly addNameRange     '2.1.0',
336 silly addNameRange     '2.1.1' ] ]
337 silly addNamed jasmine-reporters@1.0.2
338 verbose addNamed "1.0.2" is a plain semver version for jasmine-reporters
339 verbose afterAdd /Users/tsn/.npm/underscore/1.8.3/package/package.json written
340 verbose afterAdd /Users/tsn/.npm/mkdirp/0.3.5/package/package.json written
341 verbose afterAdd /Users/tsn/.npm/gaze/0.3.4/package/package.json written
342 silly cache afterAdd jasmine-reporters@1.0.2
343 verbose afterAdd /Users/tsn/.npm/jasmine-reporters/1.0.2/package/package.json not in flight; writing
344 verbose afterAdd /Users/tsn/.npm/jasmine-reporters/1.0.2/package/package.json written
345 http 200 https://registry.npmjs.org/requirejs
346 verbose headers { server: 'CouchDB/1.5.0 (Erlang OTP/R16B03)',
346 verbose headers   etag: '"2O4OG6929PBAF86N1GEW6HU1U"',
346 verbose headers   'content-type': 'application/json',
346 verbose headers   'cache-control': 'max-age=300',
346 verbose headers   'content-length': '43991',
346 verbose headers   'accept-ranges': 'bytes',
346 verbose headers   date: 'Wed, 13 Jan 2016 07:58:13 GMT',
346 verbose headers   via: '1.1 varnish',
346 verbose headers   age: '30',
346 verbose headers   connection: 'keep-alive',
346 verbose headers   'x-served-by': 'cache-sjc3127-SJC',
346 verbose headers   'x-cache': 'HIT',
346 verbose headers   'x-cache-hits': '1',
346 verbose headers   'x-timer': 'S1452671893.620619,VS0,VE0',
346 verbose headers   vary: 'Accept' }
347 silly get cb [ 200,
347 silly get   { server: 'CouchDB/1.5.0 (Erlang OTP/R16B03)',
347 silly get     etag: '"2O4OG6929PBAF86N1GEW6HU1U"',
347 silly get     'content-type': 'application/json',
347 silly get     'cache-control': 'max-age=300',
347 silly get     'content-length': '43991',
347 silly get     'accept-ranges': 'bytes',
347 silly get     date: 'Wed, 13 Jan 2016 07:58:13 GMT',
347 silly get     via: '1.1 varnish',
347 silly get     age: '30',
347 silly get     connection: 'keep-alive',
347 silly get     'x-served-by': 'cache-sjc3127-SJC',
347 silly get     'x-cache': 'HIT',
347 silly get     'x-cache-hits': '1',
347 silly get     'x-timer': 'S1452671893.620619,VS0,VE0',
347 silly get     vary: 'Accept' } ]
348 verbose get saving requirejs to /Users/tsn/.npm/registry.npmjs.org/requirejs/.cache.json
349 silly resolveWithNewModule requirejs@2.1.22 checking installable status
350 silly cache add args [ 'requirejs@>=0.27.1', null ]
351 verbose cache add spec requirejs@>=0.27.1
352 silly cache add parsed spec Result {
352 silly cache add   raw: 'requirejs@>=0.27.1',
352 silly cache add   scope: null,
352 silly cache add   name: 'requirejs',
352 silly cache add   rawSpec: '>=0.27.1',
352 silly cache add   spec: '>=0.27.1',
352 silly cache add   type: 'range' }
353 silly addNamed requirejs@>=0.27.1
354 verbose addNamed ">=0.27.1" is a valid semver range for requirejs
355 silly addNameRange { name: 'requirejs', range: '>=0.27.1', hasData: false }
356 silly mapToRegistry name requirejs
357 silly mapToRegistry using default registry
358 silly mapToRegistry registry https://registry.npmjs.org/
359 silly mapToRegistry uri https://registry.npmjs.org/requirejs
360 verbose addNameRange registry:https://registry.npmjs.org/requirejs not in flight; fetching
361 verbose get https://registry.npmjs.org/requirejs not expired, no request
362 silly addNameRange number 2 { name: 'requirejs', range: '>=0.27.1', hasData: true }
363 silly addNameRange versions [ 'requirejs',
363 silly addNameRange   [ '0.26.0',
363 silly addNameRange     '0.27.0',
363 silly addNameRange     '0.27.1',
363 silly addNameRange     '1.0.0',
363 silly addNameRange     '1.0.1',
363 silly addNameRange     '1.0.2',
363 silly addNameRange     '1.0.3',
363 silly addNameRange     '1.0.4',
363 silly addNameRange     '1.0.5',
363 silly addNameRange     '1.0.6',
363 silly addNameRange     '1.0.7',
363 silly addNameRange     '1.0.8',
363 silly addNameRange     '2.0.0',
363 silly addNameRange     '2.0.1',
363 silly addNameRange     '2.0.2',
363 silly addNameRange     '2.0.3',
363 silly addNameRange     '2.0.4',
363 silly addNameRange     '2.0.5',
363 silly addNameRange     '2.0.6',
363 silly addNameRange     '2.1.0',
363 silly addNameRange     '2.1.1',
363 silly addNameRange     '2.1.2',
363 silly addNameRange     '2.1.3',
363 silly addNameRange     '2.1.4',
363 silly addNameRange     '2.1.5',
363 silly addNameRange     '2.1.6',
363 silly addNameRange     '2.1.7',
363 silly addNameRange     '2.1.8',
363 silly addNameRange     '2.1.9',
363 silly addNameRange     '2.1.10',
363 silly addNameRange     '2.1.11',
363 silly addNameRange     '2.1.12',
363 silly addNameRange     '2.1.13',
363 silly addNameRange     '2.1.14',
363 silly addNameRange     '2.1.15',
363 silly addNameRange     '2.1.16',
363 silly addNameRange     '2.1.17',
363 silly addNameRange     '2.1.18',
363 silly addNameRange     '2.1.19',
363 silly addNameRange     '2.1.20',
363 silly addNameRange     '2.1.21',
363 silly addNameRange     '2.1.22' ] ]
364 silly addNamed requirejs@2.1.22
365 verbose addNamed "2.1.22" is a plain semver version for requirejs
366 silly cache afterAdd requirejs@2.1.22
367 verbose afterAdd /Users/tsn/.npm/requirejs/2.1.22/package/package.json not in flight; writing
368 verbose afterAdd /Users/tsn/.npm/requirejs/2.1.22/package/package.json written
369 silly fetchNamedPackageData minimatch
370 silly mapToRegistry name minimatch
371 silly mapToRegistry using default registry
372 silly mapToRegistry registry https://registry.npmjs.org/
373 silly mapToRegistry uri https://registry.npmjs.org/minimatch
374 silly fetchNamedPackageData fileset
375 silly mapToRegistry name fileset
376 silly mapToRegistry using default registry
377 silly mapToRegistry registry https://registry.npmjs.org/
378 silly mapToRegistry uri https://registry.npmjs.org/fileset
379 verbose request uri https://registry.npmjs.org/minimatch
380 verbose request no auth needed
381 info attempt registry request try #1 at 2:58:14 PM
382 verbose etag "4LFAQ3IFUTR8Q3IE1RPPWNQGA"
383 http request GET https://registry.npmjs.org/minimatch
384 verbose request uri https://registry.npmjs.org/fileset
385 verbose request no auth needed
386 info attempt registry request try #1 at 2:58:14 PM
387 verbose etag "26TXLYXMYOOWKMC7521B3WUG6"
388 http request GET https://registry.npmjs.org/fileset
389 http 304 https://registry.npmjs.org/fileset
390 verbose headers { date: 'Wed, 13 Jan 2016 07:58:14 GMT',
390 verbose headers   via: '1.1 varnish',
390 verbose headers   'cache-control': 'max-age=300',
390 verbose headers   etag: '"26TXLYXMYOOWKMC7521B3WUG6"',
390 verbose headers   age: '154',
390 verbose headers   connection: 'keep-alive',
390 verbose headers   'x-served-by': 'cache-sjc3128-SJC',
390 verbose headers   'x-cache': 'HIT',
390 verbose headers   'x-cache-hits': '2',
390 verbose headers   'x-timer': 'S1452671894.766849,VS0,VE0',
390 verbose headers   vary: 'Accept' }
391 silly get cb [ 304,
391 silly get   { date: 'Wed, 13 Jan 2016 07:58:14 GMT',
391 silly get     via: '1.1 varnish',
391 silly get     'cache-control': 'max-age=300',
391 silly get     etag: '"26TXLYXMYOOWKMC7521B3WUG6"',
391 silly get     age: '154',
391 silly get     connection: 'keep-alive',
391 silly get     'x-served-by': 'cache-sjc3128-SJC',
391 silly get     'x-cache': 'HIT',
391 silly get     'x-cache-hits': '2',
391 silly get     'x-timer': 'S1452671894.766849,VS0,VE0',
391 silly get     vary: 'Accept' } ]
392 verbose etag https://registry.npmjs.org/fileset from cache
393 verbose get saving fileset to /Users/tsn/.npm/registry.npmjs.org/fileset/.cache.json
394 http 304 https://registry.npmjs.org/minimatch
395 verbose headers { date: 'Wed, 13 Jan 2016 07:58:14 GMT',
395 verbose headers   via: '1.1 varnish',
395 verbose headers   'cache-control': 'max-age=300',
395 verbose headers   etag: '"4LFAQ3IFUTR8Q3IE1RPPWNQGA"',
395 verbose headers   age: '55',
395 verbose headers   connection: 'keep-alive',
395 verbose headers   'x-served-by': 'cache-sjc3131-SJC',
395 verbose headers   'x-cache': 'HIT',
395 verbose headers   'x-cache-hits': '3',
395 verbose headers   'x-timer': 'S1452671894.769056,VS0,VE0',
395 verbose headers   vary: 'Accept' }
396 silly get cb [ 304,
396 silly get   { date: 'Wed, 13 Jan 2016 07:58:14 GMT',
396 silly get     via: '1.1 varnish',
396 silly get     'cache-control': 'max-age=300',
396 silly get     etag: '"4LFAQ3IFUTR8Q3IE1RPPWNQGA"',
396 silly get     age: '55',
396 silly get     connection: 'keep-alive',
396 silly get     'x-served-by': 'cache-sjc3131-SJC',
396 silly get     'x-cache': 'HIT',
396 silly get     'x-cache-hits': '3',
396 silly get     'x-timer': 'S1452671894.769056,VS0,VE0',
396 silly get     vary: 'Accept' } ]
397 verbose etag https://registry.npmjs.org/minimatch from cache
398 verbose get saving minimatch to /Users/tsn/.npm/registry.npmjs.org/minimatch/.cache.json
399 silly resolveWithNewModule minimatch@0.2.14 checking installable status
400 silly cache add args [ 'minimatch@~0.2.9', null ]
401 verbose cache add spec minimatch@~0.2.9
402 silly cache add parsed spec Result {
402 silly cache add   raw: 'minimatch@~0.2.9',
402 silly cache add   scope: null,
402 silly cache add   name: 'minimatch',
402 silly cache add   rawSpec: '~0.2.9',
402 silly cache add   spec: '>=0.2.9 <0.3.0',
402 silly cache add   type: 'range' }
403 silly addNamed minimatch@>=0.2.9 <0.3.0
404 verbose addNamed ">=0.2.9 <0.3.0" is a valid semver range for minimatch
405 silly addNameRange { name: 'minimatch', range: '>=0.2.9 <0.3.0', hasData: false }
406 silly mapToRegistry name minimatch
407 silly mapToRegistry using default registry
408 silly mapToRegistry registry https://registry.npmjs.org/
409 silly mapToRegistry uri https://registry.npmjs.org/minimatch
410 verbose addNameRange registry:https://registry.npmjs.org/minimatch not in flight; fetching
411 silly resolveWithNewModule fileset@0.1.8 checking installable status
412 silly cache add args [ 'fileset@~0.1.5', null ]
413 verbose cache add spec fileset@~0.1.5
414 silly cache add parsed spec Result {
414 silly cache add   raw: 'fileset@~0.1.5',
414 silly cache add   scope: null,
414 silly cache add   name: 'fileset',
414 silly cache add   rawSpec: '~0.1.5',
414 silly cache add   spec: '>=0.1.5 <0.2.0',
414 silly cache add   type: 'range' }
415 silly addNamed fileset@>=0.1.5 <0.2.0
416 verbose addNamed ">=0.1.5 <0.2.0" is a valid semver range for fileset
417 silly addNameRange { name: 'fileset', range: '>=0.1.5 <0.2.0', hasData: false }
418 silly mapToRegistry name fileset
419 silly mapToRegistry using default registry
420 silly mapToRegistry registry https://registry.npmjs.org/
421 silly mapToRegistry uri https://registry.npmjs.org/fileset
422 verbose addNameRange registry:https://registry.npmjs.org/fileset not in flight; fetching
423 verbose get https://registry.npmjs.org/minimatch not expired, no request
424 silly addNameRange number 2 { name: 'minimatch', range: '>=0.2.9 <0.3.0', hasData: true }
425 silly addNameRange versions [ 'minimatch',
425 silly addNameRange   [ '0.0.1',
425 silly addNameRange     '0.0.2',
425 silly addNameRange     '0.0.4',
425 silly addNameRange     '0.0.5',
425 silly addNameRange     '0.1.1',
425 silly addNameRange     '0.1.2',
425 silly addNameRange     '0.1.3',
425 silly addNameRange     '0.1.4',
425 silly addNameRange     '0.1.5',
425 silly addNameRange     '0.2.0',
425 silly addNameRange     '0.2.2',
425 silly addNameRange     '0.2.3',
425 silly addNameRange     '0.2.4',
425 silly addNameRange     '0.2.5',
425 silly addNameRange     '0.2.6',
425 silly addNameRange     '0.2.7',
425 silly addNameRange     '0.2.8',
425 silly addNameRange     '0.2.9',
425 silly addNameRange     '0.2.10',
425 silly addNameRange     '0.2.11',
425 silly addNameRange     '0.2.12',
425 silly addNameRange     '0.2.13',
425 silly addNameRange     '0.2.14',
425 silly addNameRange     '0.3.0',
425 silly addNameRange     '0.4.0',
425 silly addNameRange     '1.0.0',
425 silly addNameRange     '2.0.0',
425 silly addNameRange     '2.0.1',
425 silly addNameRange     '2.0.2',
425 silly addNameRange     '2.0.3',
425 silly addNameRange     '2.0.4',
425 silly addNameRange     '2.0.5',
425 silly addNameRange     '2.0.6',
425 silly addNameRange     '2.0.7',
425 silly addNameRange     '2.0.8',
425 silly addNameRange     '2.0.9',
425 silly addNameRange     '2.0.10',
425 silly addNameRange     '3.0.0' ] ]
426 silly addNamed minimatch@0.2.14
427 verbose addNamed "0.2.14" is a plain semver version for minimatch
428 verbose get https://registry.npmjs.org/fileset not expired, no request
429 silly addNameRange number 2 { name: 'fileset', range: '>=0.1.5 <0.2.0', hasData: true }
430 silly addNameRange versions [ 'fileset',
430 silly addNameRange   [ '0.0.1',
430 silly addNameRange     '0.1.0',
430 silly addNameRange     '0.1.1',
430 silly addNameRange     '0.1.2',
430 silly addNameRange     '0.1.3',
430 silly addNameRange     '0.1.4',
430 silly addNameRange     '0.1.5',
430 silly addNameRange     '0.1.6',
430 silly addNameRange     '0.1.7',
430 silly addNameRange     '0.1.8',
430 silly addNameRange     '0.2.1' ] ]
431 silly addNamed fileset@0.1.8
432 verbose addNamed "0.1.8" is a plain semver version for fileset
433 silly cache afterAdd fileset@0.1.8
434 verbose afterAdd /Users/tsn/.npm/fileset/0.1.8/package/package.json not in flight; writing
435 silly cache afterAdd minimatch@0.2.14
436 verbose afterAdd /Users/tsn/.npm/minimatch/0.2.14/package/package.json not in flight; writing
437 verbose afterAdd /Users/tsn/.npm/fileset/0.1.8/package/package.json written
438 verbose afterAdd /Users/tsn/.npm/minimatch/0.2.14/package/package.json written
439 silly fetchNamedPackageData glob
440 silly mapToRegistry name glob
441 silly mapToRegistry using default registry
442 silly mapToRegistry registry https://registry.npmjs.org/
443 silly mapToRegistry uri https://registry.npmjs.org/glob
444 verbose request uri https://registry.npmjs.org/glob
445 verbose request no auth needed
446 info attempt registry request try #1 at 2:58:15 PM
447 verbose etag "A7BOU5ADTE6Q0XZ834ECBTUR0"
448 http request GET https://registry.npmjs.org/glob
449 http 304 https://registry.npmjs.org/glob
450 verbose headers { date: 'Wed, 13 Jan 2016 07:58:15 GMT',
450 verbose headers   via: '1.1 varnish',
450 verbose headers   'cache-control': 'max-age=300',
450 verbose headers   etag: '"A7BOU5ADTE6Q0XZ834ECBTUR0"',
450 verbose headers   age: '124',
450 verbose headers   connection: 'keep-alive',
450 verbose headers   'x-served-by': 'cache-sjc3126-SJC',
450 verbose headers   'x-cache': 'HIT',
450 verbose headers   'x-cache-hits': '8',
450 verbose headers   'x-timer': 'S1452671895.544048,VS0,VE0',
450 verbose headers   vary: 'Accept' }
451 silly get cb [ 304,
451 silly get   { date: 'Wed, 13 Jan 2016 07:58:15 GMT',
451 silly get     via: '1.1 varnish',
451 silly get     'cache-control': 'max-age=300',
451 silly get     etag: '"A7BOU5ADTE6Q0XZ834ECBTUR0"',
451 silly get     age: '124',
451 silly get     connection: 'keep-alive',
451 silly get     'x-served-by': 'cache-sjc3126-SJC',
451 silly get     'x-cache': 'HIT',
451 silly get     'x-cache-hits': '8',
451 silly get     'x-timer': 'S1452671895.544048,VS0,VE0',
451 silly get     vary: 'Accept' } ]
452 verbose etag https://registry.npmjs.org/glob from cache
453 verbose get saving glob to /Users/tsn/.npm/registry.npmjs.org/glob/.cache.json
454 silly resolveWithNewModule glob@3.2.11 checking installable status
455 silly cache add args [ 'glob@3.x', null ]
456 verbose cache add spec glob@3.x
457 silly cache add parsed spec Result {
457 silly cache add   raw: 'glob@3.x',
457 silly cache add   scope: null,
457 silly cache add   name: 'glob',
457 silly cache add   rawSpec: '3.x',
457 silly cache add   spec: '>=3.0.0 <4.0.0',
457 silly cache add   type: 'range' }
458 silly addNamed glob@>=3.0.0 <4.0.0
459 verbose addNamed ">=3.0.0 <4.0.0" is a valid semver range for glob
460 silly addNameRange { name: 'glob', range: '>=3.0.0 <4.0.0', hasData: false }
461 silly mapToRegistry name glob
462 silly mapToRegistry using default registry
463 silly mapToRegistry registry https://registry.npmjs.org/
464 silly mapToRegistry uri https://registry.npmjs.org/glob
465 verbose addNameRange registry:https://registry.npmjs.org/glob not in flight; fetching
466 verbose get https://registry.npmjs.org/glob not expired, no request
467 silly addNameRange number 2 { name: 'glob', range: '>=3.0.0 <4.0.0', hasData: true }
468 silly addNameRange versions [ 'glob',
468 silly addNameRange   [ '1.1.0',
468 silly addNameRange     '2.0.9',
468 silly addNameRange     '2.0.8',
468 silly addNameRange     '2.0.7',
468 silly addNameRange     '2.1.0',
468 silly addNameRange     '3.0.0',
468 silly addNameRange     '3.0.1',
468 silly addNameRange     '3.1.0',
468 silly addNameRange     '3.1.1',
468 silly addNameRange     '3.1.2',
468 silly addNameRange     '3.1.3',
468 silly addNameRange     '3.1.4',
468 silly addNameRange     '3.1.5',
468 silly addNameRange     '3.1.6',
468 silly addNameRange     '3.1.7',
468 silly addNameRange     '3.1.9',
468 silly addNameRange     '3.1.10',
468 silly addNameRange     '3.1.11',
468 silly addNameRange     '3.1.12',
468 silly addNameRange     '3.1.13',
468 silly addNameRange     '3.1.14',
468 silly addNameRange     '3.1.15',
468 silly addNameRange     '3.1.16',
468 silly addNameRange     '3.1.17',
468 silly addNameRange     '3.1.18',
468 silly addNameRange     '3.1.19',
468 silly addNameRange     '3.1.20',
468 silly addNameRange     '3.1.21',
468 silly addNameRange     '3.2.0',
468 silly addNameRange     '3.2.1',
468 silly addNameRange     '3.2.3',
468 silly addNameRange     '3.2.4',
468 silly addNameRange     '3.2.5',
468 silly addNameRange     '3.2.6',
468 silly addNameRange     '3.2.7',
468 silly addNameRange     '3.2.8',
468 silly addNameRange     '3.2.9',
468 silly addNameRange     '3.2.10',
468 silly addNameRange     '3.2.11',
468 silly addNameRange     '4.0.0',
468 silly addNameRange     '4.0.1',
468 silly addNameRange     '4.0.2',
468 silly addNameRange     '4.0.3',
468 silly addNameRange     '4.0.4',
468 silly addNameRange     '4.0.5',
468 silly addNameRange     '4.0.6',
468 silly addNameRange     '4.1.2-beta',
468 silly addNameRange     '4.1.2',
468 silly addNameRange     '4.1.3',
468 silly addNameRange     '4.1.4',
468 silly addNameRange     '4.1.5',
468 silly addNameRange     '4.1.6',
468 silly addNameRange     '4.2.0',
468 silly addNameRange     '4.2.1',
468 silly addNameRange     '4.2.2',
468 silly addNameRange     '4.3.0',
468 silly addNameRange     '4.3.1',
468 silly addNameRange     '4.3.2',
468 silly addNameRange     '4.3.3',
468 silly addNameRange     '4.3.4',
468 silly addNameRange     '4.3.5',
468 silly addNameRange     '4.4.0',
468 silly addNameRange     '4.4.2',
468 silly addNameRange     '4.5.0',
468 silly addNameRange     '5.0.0',
468 silly addNameRange     '4.5.1',
468 silly addNameRange     '5.0.1',
468 silly addNameRange     '4.5.2',
468 silly addNameRange     '5.0.2',
468 silly addNameRange     '4.5.3',
468 silly addNameRange     '5.0.3',
468 silly addNameRange     '5.0.4',
468 silly addNameRange     '5.0.5',
468 silly addNameRange     '5.0.6',
468 silly addNameRange     '5.0.7',
468 silly addNameRange     '5.0.9',
468 silly addNameRange     '5.0.10',
468 silly addNameRange     '5.0.11',
468 silly addNameRange     '5.0.12',
468 silly addNameRange     '5.0.13',
468 silly addNameRange     '5.0.14',
468 silly addNameRange     '5.0.15',
468 silly addNameRange     '6.0.1',
468 silly addNameRange     '6.0.2',
468 silly addNameRange     '6.0.3',
468 silly addNameRange     '6.0.4' ] ]
469 silly addNamed glob@3.2.11
470 verbose addNamed "3.2.11" is a plain semver version for glob
471 silly cache afterAdd glob@3.2.11
472 verbose afterAdd /Users/tsn/.npm/glob/3.2.11/package/package.json not in flight; writing
473 verbose afterAdd /Users/tsn/.npm/glob/3.2.11/package/package.json written
474 silly fetchNamedPackageData inherits
475 silly mapToRegistry name inherits
476 silly mapToRegistry using default registry
477 silly mapToRegistry registry https://registry.npmjs.org/
478 silly mapToRegistry uri https://registry.npmjs.org/inherits
479 silly fetchNamedPackageData minimatch
480 silly mapToRegistry name minimatch
481 silly mapToRegistry using default registry
482 silly mapToRegistry registry https://registry.npmjs.org/
483 silly mapToRegistry uri https://registry.npmjs.org/minimatch
484 silly resolveWithNewModule minimatch@0.3.0 checking installable status
485 silly cache add args [ 'minimatch@0.3', null ]
486 verbose cache add spec minimatch@0.3
487 silly cache add parsed spec Result {
487 silly cache add   raw: 'minimatch@0.3',
487 silly cache add   scope: null,
487 silly cache add   name: 'minimatch',
487 silly cache add   rawSpec: '0.3',
487 silly cache add   spec: '>=0.3.0 <0.4.0',
487 silly cache add   type: 'range' }
488 silly addNamed minimatch@>=0.3.0 <0.4.0
489 verbose addNamed ">=0.3.0 <0.4.0" is a valid semver range for minimatch
490 silly addNameRange { name: 'minimatch', range: '>=0.3.0 <0.4.0', hasData: false }
491 silly mapToRegistry name minimatch
492 silly mapToRegistry using default registry
493 silly mapToRegistry registry https://registry.npmjs.org/
494 silly mapToRegistry uri https://registry.npmjs.org/minimatch
495 verbose addNameRange registry:https://registry.npmjs.org/minimatch not in flight; fetching
496 verbose get https://registry.npmjs.org/minimatch not expired, no request
497 silly addNameRange number 2 { name: 'minimatch', range: '>=0.3.0 <0.4.0', hasData: true }
498 silly addNameRange versions [ 'minimatch',
498 silly addNameRange   [ '0.0.1',
498 silly addNameRange     '0.0.2',
498 silly addNameRange     '0.0.4',
498 silly addNameRange     '0.0.5',
498 silly addNameRange     '0.1.1',
498 silly addNameRange     '0.1.2',
498 silly addNameRange     '0.1.3',
498 silly addNameRange     '0.1.4',
498 silly addNameRange     '0.1.5',
498 silly addNameRange     '0.2.0',
498 silly addNameRange     '0.2.2',
498 silly addNameRange     '0.2.3',
498 silly addNameRange     '0.2.4',
498 silly addNameRange     '0.2.5',
498 silly addNameRange     '0.2.6',
498 silly addNameRange     '0.2.7',
498 silly addNameRange     '0.2.8',
498 silly addNameRange     '0.2.9',
498 silly addNameRange     '0.2.10',
498 silly addNameRange     '0.2.11',
498 silly addNameRange     '0.2.12',
498 silly addNameRange     '0.2.13',
498 silly addNameRange     '0.2.14',
498 silly addNameRange     '0.3.0',
498 silly addNameRange     '0.4.0',
498 silly addNameRange     '1.0.0',
498 silly addNameRange     '2.0.0',
498 silly addNameRange     '2.0.1',
498 silly addNameRange     '2.0.2',
498 silly addNameRange     '2.0.3',
498 silly addNameRange     '2.0.4',
498 silly addNameRange     '2.0.5',
498 silly addNameRange     '2.0.6',
498 silly addNameRange     '2.0.7',
498 silly addNameRange     '2.0.8',
498 silly addNameRange     '2.0.9',
498 silly addNameRange     '2.0.10',
498 silly addNameRange     '3.0.0' ] ]
499 silly addNamed minimatch@0.3.0
500 verbose addNamed "0.3.0" is a plain semver version for minimatch
501 verbose request uri https://registry.npmjs.org/inherits
502 verbose request no auth needed
503 info attempt registry request try #1 at 2:58:15 PM
504 verbose etag "1BYD1KXI8UGWXPU5I6HAAL3BQ"
505 http request GET https://registry.npmjs.org/inherits
506 silly cache afterAdd minimatch@0.3.0
507 verbose afterAdd /Users/tsn/.npm/minimatch/0.3.0/package/package.json not in flight; writing
508 verbose afterAdd /Users/tsn/.npm/minimatch/0.3.0/package/package.json written
509 http 304 https://registry.npmjs.org/inherits
510 verbose headers { date: 'Wed, 13 Jan 2016 07:58:16 GMT',
510 verbose headers   via: '1.1 varnish',
510 verbose headers   'cache-control': 'max-age=300',
510 verbose headers   etag: '"1BYD1KXI8UGWXPU5I6HAAL3BQ"',
510 verbose headers   age: '208',
510 verbose headers   connection: 'keep-alive',
510 verbose headers   'x-served-by': 'cache-sjc3128-SJC',
510 verbose headers   'x-cache': 'HIT',
510 verbose headers   'x-cache-hits': '19',
510 verbose headers   'x-timer': 'S1452671896.350161,VS0,VE0',
510 verbose headers   vary: 'Accept' }
511 silly get cb [ 304,
511 silly get   { date: 'Wed, 13 Jan 2016 07:58:16 GMT',
511 silly get     via: '1.1 varnish',
511 silly get     'cache-control': 'max-age=300',
511 silly get     etag: '"1BYD1KXI8UGWXPU5I6HAAL3BQ"',
511 silly get     age: '208',
511 silly get     connection: 'keep-alive',
511 silly get     'x-served-by': 'cache-sjc3128-SJC',
511 silly get     'x-cache': 'HIT',
511 silly get     'x-cache-hits': '19',
511 silly get     'x-timer': 'S1452671896.350161,VS0,VE0',
511 silly get     vary: 'Accept' } ]
512 verbose etag https://registry.npmjs.org/inherits from cache
513 verbose get saving inherits to /Users/tsn/.npm/registry.npmjs.org/inherits/.cache.json
514 silly resolveWithNewModule inherits@2.0.1 checking installable status
515 silly cache add args [ 'inherits@2', null ]
516 verbose cache add spec inherits@2
517 silly cache add parsed spec Result {
517 silly cache add   raw: 'inherits@2',
517 silly cache add   scope: null,
517 silly cache add   name: 'inherits',
517 silly cache add   rawSpec: '2',
517 silly cache add   spec: '>=2.0.0 <3.0.0',
517 silly cache add   type: 'range' }
518 silly addNamed inherits@>=2.0.0 <3.0.0
519 verbose addNamed ">=2.0.0 <3.0.0" is a valid semver range for inherits
520 silly addNameRange { name: 'inherits', range: '>=2.0.0 <3.0.0', hasData: false }
521 silly mapToRegistry name inherits
522 silly mapToRegistry using default registry
523 silly mapToRegistry registry https://registry.npmjs.org/
524 silly mapToRegistry uri https://registry.npmjs.org/inherits
525 verbose addNameRange registry:https://registry.npmjs.org/inherits not in flight; fetching
526 verbose get https://registry.npmjs.org/inherits not expired, no request
527 silly addNameRange number 2 { name: 'inherits', range: '>=2.0.0 <3.0.0', hasData: true }
528 silly addNameRange versions [ 'inherits', [ '1.0.0', '2.0.0', '2.0.1', '1.0.1', '1.0.2' ] ]
529 silly addNamed inherits@2.0.1
530 verbose addNamed "2.0.1" is a plain semver version for inherits
531 silly cache afterAdd inherits@2.0.1
532 verbose afterAdd /Users/tsn/.npm/inherits/2.0.1/package/package.json not in flight; writing
533 verbose afterAdd /Users/tsn/.npm/inherits/2.0.1/package/package.json written
534 silly fetchNamedPackageData lru-cache
535 silly mapToRegistry name lru-cache
536 silly mapToRegistry using default registry
537 silly mapToRegistry registry https://registry.npmjs.org/
538 silly mapToRegistry uri https://registry.npmjs.org/lru-cache
539 silly fetchNamedPackageData sigmund
540 silly mapToRegistry name sigmund
541 silly mapToRegistry using default registry
542 silly mapToRegistry registry https://registry.npmjs.org/
543 silly mapToRegistry uri https://registry.npmjs.org/sigmund
544 verbose request uri https://registry.npmjs.org/lru-cache
545 verbose request no auth needed
546 info attempt registry request try #1 at 2:58:16 PM
547 verbose etag "A612E1QU1KQ8FT5B9WOERJD2K"
548 http request GET https://registry.npmjs.org/lru-cache
549 verbose request uri https://registry.npmjs.org/sigmund
550 verbose request no auth needed
551 info attempt registry request try #1 at 2:58:16 PM
552 verbose etag "1TUX00X8YEKNFED6GGWS214S3"
553 http request GET https://registry.npmjs.org/sigmund
554 http 304 https://registry.npmjs.org/sigmund
555 verbose headers { date: 'Wed, 13 Jan 2016 07:58:17 GMT',
555 verbose headers   via: '1.1 varnish',
555 verbose headers   'cache-control': 'max-age=300',
555 verbose headers   etag: '"1TUX00X8YEKNFED6GGWS214S3"',
555 verbose headers   age: '92',
555 verbose headers   connection: 'keep-alive',
555 verbose headers   'x-served-by': 'cache-sjc3123-SJC',
555 verbose headers   'x-cache': 'HIT',
555 verbose headers   'x-cache-hits': '5',
555 verbose headers   'x-timer': 'S1452671897.070138,VS0,VE0',
555 verbose headers   vary: 'Accept' }
556 silly get cb [ 304,
556 silly get   { date: 'Wed, 13 Jan 2016 07:58:17 GMT',
556 silly get     via: '1.1 varnish',
556 silly get     'cache-control': 'max-age=300',
556 silly get     etag: '"1TUX00X8YEKNFED6GGWS214S3"',
556 silly get     age: '92',
556 silly get     connection: 'keep-alive',
556 silly get     'x-served-by': 'cache-sjc3123-SJC',
556 silly get     'x-cache': 'HIT',
556 silly get     'x-cache-hits': '5',
556 silly get     'x-timer': 'S1452671897.070138,VS0,VE0',
556 silly get     vary: 'Accept' } ]
557 verbose etag https://registry.npmjs.org/sigmund from cache
558 verbose get saving sigmund to /Users/tsn/.npm/registry.npmjs.org/sigmund/.cache.json
559 http 304 https://registry.npmjs.org/lru-cache
560 verbose headers { date: 'Wed, 13 Jan 2016 07:58:17 GMT',
560 verbose headers   via: '1.1 varnish',
560 verbose headers   'cache-control': 'max-age=300',
560 verbose headers   etag: '"A612E1QU1KQ8FT5B9WOERJD2K"',
560 verbose headers   age: '45',
560 verbose headers   connection: 'keep-alive',
560 verbose headers   'x-served-by': 'cache-sjc3130-SJC',
560 verbose headers   'x-cache': 'HIT',
560 verbose headers   'x-cache-hits': '1',
560 verbose headers   'x-timer': 'S1452671897.070856,VS0,VE0',
560 verbose headers   vary: 'Accept' }
561 silly get cb [ 304,
561 silly get   { date: 'Wed, 13 Jan 2016 07:58:17 GMT',
561 silly get     via: '1.1 varnish',
561 silly get     'cache-control': 'max-age=300',
561 silly get     etag: '"A612E1QU1KQ8FT5B9WOERJD2K"',
561 silly get     age: '45',
561 silly get     connection: 'keep-alive',
561 silly get     'x-served-by': 'cache-sjc3130-SJC',
561 silly get     'x-cache': 'HIT',
561 silly get     'x-cache-hits': '1',
561 silly get     'x-timer': 'S1452671897.070856,VS0,VE0',
561 silly get     vary: 'Accept' } ]
562 verbose etag https://registry.npmjs.org/lru-cache from cache
563 verbose get saving lru-cache to /Users/tsn/.npm/registry.npmjs.org/lru-cache/.cache.json
564 silly resolveWithNewModule sigmund@1.0.1 checking installable status
565 silly cache add args [ 'sigmund@~1.0.0', null ]
566 verbose cache add spec sigmund@~1.0.0
567 silly cache add parsed spec Result {
567 silly cache add   raw: 'sigmund@~1.0.0',
567 silly cache add   scope: null,
567 silly cache add   name: 'sigmund',
567 silly cache add   rawSpec: '~1.0.0',
567 silly cache add   spec: '>=1.0.0 <1.1.0',
567 silly cache add   type: 'range' }
568 silly addNamed sigmund@>=1.0.0 <1.1.0
569 verbose addNamed ">=1.0.0 <1.1.0" is a valid semver range for sigmund
570 silly addNameRange { name: 'sigmund', range: '>=1.0.0 <1.1.0', hasData: false }
571 silly mapToRegistry name sigmund
572 silly mapToRegistry using default registry
573 silly mapToRegistry registry https://registry.npmjs.org/
574 silly mapToRegistry uri https://registry.npmjs.org/sigmund
575 verbose addNameRange registry:https://registry.npmjs.org/sigmund not in flight; fetching
576 silly resolveWithNewModule lru-cache@2.7.3 checking installable status
577 silly cache add args [ 'lru-cache@2', null ]
578 verbose cache add spec lru-cache@2
579 silly cache add parsed spec Result {
579 silly cache add   raw: 'lru-cache@2',
579 silly cache add   scope: null,
579 silly cache add   name: 'lru-cache',
579 silly cache add   rawSpec: '2',
579 silly cache add   spec: '>=2.0.0 <3.0.0',
579 silly cache add   type: 'range' }
580 silly addNamed lru-cache@>=2.0.0 <3.0.0
581 verbose addNamed ">=2.0.0 <3.0.0" is a valid semver range for lru-cache
582 silly addNameRange { name: 'lru-cache', range: '>=2.0.0 <3.0.0', hasData: false }
583 silly mapToRegistry name lru-cache
584 silly mapToRegistry using default registry
585 silly mapToRegistry registry https://registry.npmjs.org/
586 silly mapToRegistry uri https://registry.npmjs.org/lru-cache
587 verbose addNameRange registry:https://registry.npmjs.org/lru-cache not in flight; fetching
588 verbose get https://registry.npmjs.org/sigmund not expired, no request
589 silly addNameRange number 2 { name: 'sigmund', range: '>=1.0.0 <1.1.0', hasData: true }
590 silly addNameRange versions [ 'sigmund', [ '1.0.0', '1.0.1' ] ]
591 silly addNamed sigmund@1.0.1
592 verbose addNamed "1.0.1" is a plain semver version for sigmund
593 verbose get https://registry.npmjs.org/lru-cache not expired, no request
594 silly addNameRange number 2 { name: 'lru-cache', range: '>=2.0.0 <3.0.0', hasData: true }
595 silly addNameRange versions [ 'lru-cache',
595 silly addNameRange   [ '1.0.1',
595 silly addNameRange     '1.0.2',
595 silly addNameRange     '1.0.3',
595 silly addNameRange     '1.0.4',
595 silly addNameRange     '1.0.5',
595 silly addNameRange     '1.0.6',
595 silly addNameRange     '1.1.0',
595 silly addNameRange     '1.1.1',
595 silly addNameRange     '2.0.0',
595 silly addNameRange     '2.0.1',
595 silly addNameRange     '2.0.2',
595 silly addNameRange     '2.0.3',
595 silly addNameRange     '2.0.4',
595 silly addNameRange     '2.1.0',
595 silly addNameRange     '2.2.0',
595 silly addNameRange     '2.2.1',
595 silly addNameRange     '2.2.2',
595 silly addNameRange     '2.2.4',
595 silly addNameRange     '2.3.0',
595 silly addNameRange     '2.3.1',
595 silly addNameRange     '2.5.0',
595 silly addNameRange     '2.5.1',
595 silly addNameRange     '2.5.2',
595 silly addNameRange     '2.6.0',
595 silly addNameRange     '2.6.1',
595 silly addNameRange     '2.6.2',
595 silly addNameRange     '2.6.3',
595 silly addNameRange     '2.6.4',
595 silly addNameRange     '2.6.5',
595 silly addNameRange     '2.7.0',
595 silly addNameRange     '2.7.1',
595 silly addNameRange     '2.7.2',
595 silly addNameRange     '2.7.3',
595 silly addNameRange     '3.0.0',
595 silly addNameRange     '3.1.0',
595 silly addNameRange     '3.1.1',
595 silly addNameRange     '3.1.2',
595 silly addNameRange     '3.2.0',
595 silly addNameRange     '4.0.0' ] ]
596 silly addNamed lru-cache@2.7.3
597 verbose addNamed "2.7.3" is a plain semver version for lru-cache
598 silly cache afterAdd sigmund@1.0.1
599 verbose afterAdd /Users/tsn/.npm/sigmund/1.0.1/package/package.json not in flight; writing
600 silly cache afterAdd lru-cache@2.7.3
601 verbose afterAdd /Users/tsn/.npm/lru-cache/2.7.3/package/package.json not in flight; writing
602 verbose afterAdd /Users/tsn/.npm/sigmund/1.0.1/package/package.json written
603 verbose afterAdd /Users/tsn/.npm/lru-cache/2.7.3/package/package.json written
604 silly fetchNamedPackageData growl
605 silly mapToRegistry name growl
606 silly mapToRegistry using default registry
607 silly mapToRegistry registry https://registry.npmjs.org/
608 silly mapToRegistry uri https://registry.npmjs.org/growl
609 verbose request uri https://registry.npmjs.org/growl
610 verbose request no auth needed
611 info attempt registry request try #1 at 2:58:17 PM
612 verbose etag "6PKCHLDZRJVP98V8ELUMW4FBS"
613 http request GET https://registry.npmjs.org/growl
614 http 200 https://registry.npmjs.org/growl
615 verbose headers { server: 'CouchDB/1.5.0 (Erlang OTP/R16B03)',
615 verbose headers   etag: '"AKKEBYMC4EFUVV6MWKN55H9VF"',
615 verbose headers   'content-type': 'application/json',
615 verbose headers   'cache-control': 'max-age=300',
615 verbose headers   'content-length': '14125',
615 verbose headers   'accept-ranges': 'bytes',
615 verbose headers   date: 'Wed, 13 Jan 2016 07:58:17 GMT',
615 verbose headers   via: '1.1 varnish',
615 verbose headers   age: '4',
615 verbose headers   connection: 'keep-alive',
615 verbose headers   'x-served-by': 'cache-sjc3127-SJC',
615 verbose headers   'x-cache': 'HIT',
615 verbose headers   'x-cache-hits': '1',
615 verbose headers   'x-timer': 'S1452671897.775464,VS0,VE0',
615 verbose headers   vary: 'Accept' }
616 silly get cb [ 200,
616 silly get   { server: 'CouchDB/1.5.0 (Erlang OTP/R16B03)',
616 silly get     etag: '"AKKEBYMC4EFUVV6MWKN55H9VF"',
616 silly get     'content-type': 'application/json',
616 silly get     'cache-control': 'max-age=300',
616 silly get     'content-length': '14125',
616 silly get     'accept-ranges': 'bytes',
616 silly get     date: 'Wed, 13 Jan 2016 07:58:17 GMT',
616 silly get     via: '1.1 varnish',
616 silly get     age: '4',
616 silly get     connection: 'keep-alive',
616 silly get     'x-served-by': 'cache-sjc3127-SJC',
616 silly get     'x-cache': 'HIT',
616 silly get     'x-cache-hits': '1',
616 silly get     'x-timer': 'S1452671897.775464,VS0,VE0',
616 silly get     vary: 'Accept' } ]
617 verbose get saving growl to /Users/tsn/.npm/registry.npmjs.org/growl/.cache.json
618 silly resolveWithNewModule growl@1.7.0 checking installable status
619 silly cache add args [ 'growl@~1.7.0', null ]
620 verbose cache add spec growl@~1.7.0
621 silly cache add parsed spec Result {
621 silly cache add   raw: 'growl@~1.7.0',
621 silly cache add   scope: null,
621 silly cache add   name: 'growl',
621 silly cache add   rawSpec: '~1.7.0',
621 silly cache add   spec: '>=1.7.0 <1.8.0',
621 silly cache add   type: 'range' }
622 silly addNamed growl@>=1.7.0 <1.8.0
623 verbose addNamed ">=1.7.0 <1.8.0" is a valid semver range for growl
624 silly addNameRange { name: 'growl', range: '>=1.7.0 <1.8.0', hasData: false }
625 silly mapToRegistry name growl
626 silly mapToRegistry using default registry
627 silly mapToRegistry registry https://registry.npmjs.org/
628 silly mapToRegistry uri https://registry.npmjs.org/growl
629 verbose addNameRange registry:https://registry.npmjs.org/growl not in flight; fetching
630 verbose get https://registry.npmjs.org/growl not expired, no request
631 silly addNameRange number 2 { name: 'growl', range: '>=1.7.0 <1.8.0', hasData: true }
632 silly addNameRange versions [ 'growl',
632 silly addNameRange   [ '1.0.1',
632 silly addNameRange     '1.0.2',
632 silly addNameRange     '1.1.0',
632 silly addNameRange     '1.2.0',
632 silly addNameRange     '1.2.1',
632 silly addNameRange     '1.3.0',
632 silly addNameRange     '1.4.0',
632 silly addNameRange     '1.4.1',
632 silly addNameRange     '1.5.0',
632 silly addNameRange     '1.5.1',
632 silly addNameRange     '1.6.0',
632 silly addNameRange     '1.6.1',
632 silly addNameRange     '1.7.0',
632 silly addNameRange     '1.8.0',
632 silly addNameRange     '1.8.1' ] ]
633 silly addNamed growl@1.7.0
634 verbose addNamed "1.7.0" is a plain semver version for growl
635 silly cache afterAdd growl@1.7.0
636 verbose afterAdd /Users/tsn/.npm/growl/1.7.0/package/package.json not in flight; writing
637 verbose afterAdd /Users/tsn/.npm/growl/1.7.0/package/package.json written
638 silly loadAllDepsIntoIdealTree Finishing
639 silly idealTree:prePrune lib
639 silly idealTree:prePrune  grunt-jasmine-node@0.3.1
639 silly idealTree:prePrune    coffee-script@1.6.3
639 silly idealTree:prePrune    fileset@0.1.8
639 silly idealTree:prePrune    gaze@0.3.4
639 silly idealTree:prePrune    glob@3.2.11
639 silly idealTree:prePrune     minimatch@0.3.0
639 silly idealTree:prePrune    growl@1.7.0
639 silly idealTree:prePrune    inherits@2.0.1
639 silly idealTree:prePrune    jasmine-growl-reporter@0.0.3
639 silly idealTree:prePrune    jasmine-node@1.14.5
639 silly idealTree:prePrune    jasmine-reporters@1.0.2
639 silly idealTree:prePrune    lru-cache@2.7.3
639 silly idealTree:prePrune    minimatch@0.2.14
639 silly idealTree:prePrune    mkdirp@0.3.5
639 silly idealTree:prePrune    requirejs@2.1.22
639 silly idealTree:prePrune    sigmund@1.0.1
639 silly idealTree:prePrune    underscore@1.8.3
639 silly idealTree:prePrune    walkdir@0.0.11
640 silly loadIdealTree Finishing
641 silly currentTree lib
642 silly idealTree lib
642 silly idealTree  grunt-jasmine-node@0.3.1
642 silly idealTree    coffee-script@1.6.3
642 silly idealTree    fileset@0.1.8
642 silly idealTree    gaze@0.3.4
642 silly idealTree    glob@3.2.11
642 silly idealTree     minimatch@0.3.0
642 silly idealTree    growl@1.7.0
642 silly idealTree    inherits@2.0.1
642 silly idealTree    jasmine-growl-reporter@0.0.3
642 silly idealTree    jasmine-node@1.14.5
642 silly idealTree    jasmine-reporters@1.0.2
642 silly idealTree    lru-cache@2.7.3
642 silly idealTree    minimatch@0.2.14
642 silly idealTree    mkdirp@0.3.5
642 silly idealTree    requirejs@2.1.22
642 silly idealTree    sigmund@1.0.1
642 silly idealTree    underscore@1.8.3
642 silly idealTree    walkdir@0.0.11
643 silly generateActionsToTake Starting
644 silly install generateActionsToTake
645 warn checkPermissions Missing write access to /usr/local/lib/node_modules
646 silly rollbackFailedOptional Starting
647 silly rollbackFailedOptional Finishing
648 silly runTopLevelLifecycles Starting
649 silly runTopLevelLifecycles Finishing
650 silly install printInstalled
651 verbose stack Error: EACCES: permission denied, access '/usr/local/lib/node_modules'
651 verbose stack     at Error (native)
652 verbose cwd /Users/tsn/Desktop/microgearlib_test_jasmine/js
653 error Darwin 14.1.0
654 error argv "/usr/local/bin/node" "/usr/local/bin/npm" "install" "-g" "grunt-jasmine-node"
655 error node v4.2.4
656 error npm  v3.5.2
657 error path /usr/local/lib/node_modules
658 error code EACCES
659 error errno -13
660 error syscall access
661 error Error: EACCES: permission denied, access '/usr/local/lib/node_modules'
661 error     at Error (native)
661 error  { [Error: EACCES: permission denied, access '/usr/local/lib/node_modules']
661 error   errno: -13,
661 error   code: 'EACCES',
661 error   syscall: 'access',
661 error   path: '/usr/local/lib/node_modules' }
662 error Please try running this command again as root/Administrator.
663 verbose exit [ -13, true ]
