0 info it worked if it ends with ok
1 verbose cli [ '/usr/local/bin/node',
1 verbose cli   '/usr/local/bin/npm',
1 verbose cli   'install',
1 verbose cli   '[-g]',
1 verbose cli   'shelljs' ]
2 info using npm@3.5.2
3 info using node@v4.2.4
4 silly loadCurrentTree Starting
5 silly install loadCurrentTree
6 silly install readLocalPackageData
7 silly fetchPackageMetaData [-g]
8 silly fetchPackageMetaData shelljs
9 silly fetchOtherPackageData [-g]
10 silly cache add args [ '[-g]', null ]
11 verbose cache add spec [-g]
12 silly fetchNamedPackageData shelljs
13 silly mapToRegistry name shelljs
14 silly mapToRegistry using default registry
15 silly mapToRegistry registry https://registry.npmjs.org/
16 silly mapToRegistry uri https://registry.npmjs.org/shelljs
17 silly cache add parsed spec Result {
17 silly cache add   raw: '[-g]',
17 silly cache add   scope: null,
17 silly cache add   name: null,
17 silly cache add   rawSpec: '[-g]',
17 silly cache add   spec: '/Users/tsn/Desktop/microgearlib_test_jasmine/spec/[-g]',
17 silly cache add   type: 'local' }
18 error addLocal Could not install /Users/tsn/Desktop/microgearlib_test_jasmine/spec/[-g]
19 silly fetchPackageMetaData Error: ENOENT: no such file or directory, open '/Users/tsn/Desktop/microgearlib_test_jasmine/spec/[-g]'
19 silly fetchPackageMetaData     at Error (native)
19 silly fetchPackageMetaData  error for [-g] { [Error: ENOENT: no such file or directory, open '/Users/tsn/Desktop/microgearlib_test_jasmine/spec/[-g]']
19 silly fetchPackageMetaData   errno: -2,
19 silly fetchPackageMetaData   code: 'ENOENT',
19 silly fetchPackageMetaData   syscall: 'open',
19 silly fetchPackageMetaData   path: '/Users/tsn/Desktop/microgearlib_test_jasmine/spec/[-g]' }
20 verbose request uri https://registry.npmjs.org/shelljs
21 verbose request no auth needed
22 info attempt registry request try #1 at 10:00:21 PM
23 verbose request id b56a0be784049817
24 verbose etag "DPT4HPT82RMLSNPLQC5V0JTUX"
25 http request GET https://registry.npmjs.org/shelljs
26 http 304 https://registry.npmjs.org/shelljs
27 verbose headers { date: 'Thu, 07 Jan 2016 15:00:21 GMT',
27 verbose headers   via: '1.1 varnish',
27 verbose headers   'cache-control': 'max-age=300',
27 verbose headers   etag: '"DPT4HPT82RMLSNPLQC5V0JTUX"',
27 verbose headers   age: '271',
27 verbose headers   connection: 'keep-alive',
27 verbose headers   'x-served-by': 'cache-sin6927-SIN',
27 verbose headers   'x-cache': 'HIT',
27 verbose headers   'x-cache-hits': '8',
27 verbose headers   'x-timer': 'S1452178821.846052,VS0,VE0',
27 verbose headers   vary: 'Accept' }
28 silly get cb [ 304,
28 silly get   { date: 'Thu, 07 Jan 2016 15:00:21 GMT',
28 silly get     via: '1.1 varnish',
28 silly get     'cache-control': 'max-age=300',
28 silly get     etag: '"DPT4HPT82RMLSNPLQC5V0JTUX"',
28 silly get     age: '271',
28 silly get     connection: 'keep-alive',
28 silly get     'x-served-by': 'cache-sin6927-SIN',
28 silly get     'x-cache': 'HIT',
28 silly get     'x-cache-hits': '8',
28 silly get     'x-timer': 'S1452178821.846052,VS0,VE0',
28 silly get     vary: 'Accept' } ]
29 verbose etag https://registry.npmjs.org/shelljs from cache
30 verbose get saving shelljs to /Users/tsn/.npm/registry.npmjs.org/shelljs/.cache.json
31 silly rollbackFailedOptional Starting
32 silly rollbackFailedOptional Finishing
33 silly runTopLevelLifecycles Starting
34 silly runTopLevelLifecycles Finishing
35 silly install printInstalled
36 verbose stack Error: ENOENT: no such file or directory, open '/Users/tsn/Desktop/microgearlib_test_jasmine/spec/[-g]'
36 verbose stack     at Error (native)
37 verbose cwd /Users/tsn/Desktop/microgearlib_test_jasmine/spec
38 error Darwin 14.1.0
39 error argv "/usr/local/bin/node" "/usr/local/bin/npm" "install" "[-g]" "shelljs"
40 error node v4.2.4
41 error npm  v3.5.2
42 error path /Users/tsn/Desktop/microgearlib_test_jasmine/spec/[-g]
43 error code ENOENT
44 error errno -2
45 error syscall open
46 error enoent ENOENT: no such file or directory, open '/Users/tsn/Desktop/microgearlib_test_jasmine/spec/[-g]'
47 error enoent ENOENT: no such file or directory, open '/Users/tsn/Desktop/microgearlib_test_jasmine/spec/[-g]'
47 error enoent This is most likely not a problem with npm itself
47 error enoent and is related to npm not being able to find a file.
48 verbose exit [ -2, true ]
